{"C:\\Users\\tameu\\OneDrive\\Desktop\\projects\\perso\\final_boaz_study\\src\\components\\ProtectedComponent.tsx": {"path":"C:\\Users\\tameu\\OneDrive\\Desktop\\projects\\perso\\final_boaz_study\\src\\components\\ProtectedComponent.tsx","statementMap":{"0":{"start":{"line":19,"column":13},"end":{"line":41,"column":null}},"1":{"start":{"line":25,"column":31},"end":{"line":25,"column":67}},"2":{"start":{"line":28,"column":4},"end":{"line":30,"column":null}},"3":{"start":{"line":29,"column":8},"end":{"line":30,"column":null}},"4":{"start":{"line":30,"column":12},"end":{"line":30,"column":null}},"5":{"start":{"line":35,"column":4},"end":{"line":37,"column":null}},"6":{"start":{"line":36,"column":8},"end":{"line":37,"column":null}},"7":{"start":{"line":37,"column":12},"end":{"line":37,"column":null}},"8":{"start":{"line":41,"column":4},"end":{"line":41,"column":null}}},"fnMap":{"0":{"name":"(anonymous_0)","decl":{"start":{"line":19,"column":13},"end":{"line":19,"column":35}},"loc":{"start":{"line":24,"column":66},"end":{"line":41,"column":null}},"line":24}},"branchMap":{"0":{"loc":{"start":{"line":23,"column":39},"end":{"line":24,"column":null}},"type":"default-arg","locations":[{"start":{"line":23,"column":50},"end":{"line":24,"column":null}}],"line":23},"1":{"loc":{"start":{"line":28,"column":4},"end":{"line":30,"column":null}},"type":"if","locations":[{"start":{"line":28,"column":4},"end":{"line":30,"column":null}},{"start":{},"end":{}}],"line":28},"2":{"loc":{"start":{"line":28,"column":8},"end":{"line":28,"column":63}},"type":"binary-expr","locations":[{"start":{"line":28,"column":8},"end":{"line":28,"column":31}},{"start":{"line":28,"column":31},"end":{"line":28,"column":63}}],"line":28},"3":{"loc":{"start":{"line":29,"column":8},"end":{"line":30,"column":null}},"type":"if","locations":[{"start":{"line":29,"column":8},"end":{"line":30,"column":null}},{"start":{},"end":{}}],"line":29},"4":{"loc":{"start":{"line":35,"column":4},"end":{"line":37,"column":null}},"type":"if","locations":[{"start":{"line":35,"column":4},"end":{"line":37,"column":null}},{"start":{},"end":{}}],"line":35},"5":{"loc":{"start":{"line":35,"column":8},"end":{"line":35,"column":53}},"type":"binary-expr","locations":[{"start":{"line":35,"column":8},"end":{"line":35,"column":26}},{"start":{"line":35,"column":26},"end":{"line":35,"column":53}}],"line":35},"6":{"loc":{"start":{"line":36,"column":8},"end":{"line":37,"column":null}},"type":"if","locations":[{"start":{"line":36,"column":8},"end":{"line":37,"column":null}},{"start":{},"end":{}}],"line":36}},"s":{"0":1,"1":4,"2":4,"3":3,"4":2,"5":2,"6":1,"7":0,"8":2},"f":{"0":4},"b":{"0":[4],"1":[3,1],"2":[4,3],"3":[2,1],"4":[1,1],"5":[2,1],"6":[0,1]},"meta":{"lastBranch":7,"lastFunction":1,"lastStatement":9,"seen":{"s:19:13:41:Infinity":0,"f:19:13:19:35":0,"b:23:50:24:Infinity":0,"s:25:31:25:67":1,"b:28:4:30:Infinity:undefined:undefined:undefined:undefined":1,"s:28:4:30:Infinity":2,"b:28:8:28:31:28:31:28:63":2,"b:29:8:30:Infinity:undefined:undefined:undefined:undefined":3,"s:29:8:30:Infinity":3,"s:30:12:30:Infinity":4,"b:35:4:37:Infinity:undefined:undefined:undefined:undefined":4,"s:35:4:37:Infinity":5,"b:35:8:35:26:35:26:35:53":5,"b:36:8:37:Infinity:undefined:undefined:undefined:undefined":6,"s:36:8:37:Infinity":6,"s:37:12:37:Infinity":7,"s:41:4:41:Infinity":8}}}
,"C:\\Users\\tameu\\OneDrive\\Desktop\\projects\\perso\\final_boaz_study\\src\\components\\shared\\AccessDenied.tsx": {"path":"C:\\Users\\tameu\\OneDrive\\Desktop\\projects\\perso\\final_boaz_study\\src\\components\\shared\\AccessDenied.tsx","statementMap":{"0":{"start":{"line":9,"column":13},"end":{"line":52,"column":null}},"1":{"start":{"line":13,"column":8},"end":{"line":13,"column":32}},"2":{"start":{"line":15,"column":2},"end":{"line":52,"column":null}},"3":{"start":{"line":34,"column":25},"end":{"line":34,"column":46}},"4":{"start":{"line":41,"column":25},"end":{"line":41,"column":38}}},"fnMap":{"0":{"name":"(anonymous_0)","decl":{"start":{"line":9,"column":13},"end":{"line":9,"column":29}},"loc":{"start":{"line":12,"column":25},"end":{"line":52,"column":null}},"line":12},"1":{"name":"(anonymous_1)","decl":{"start":{"line":34,"column":10},"end":{"line":34,"column":25}},"loc":{"start":{"line":34,"column":25},"end":{"line":34,"column":46}},"line":34},"2":{"name":"(anonymous_2)","decl":{"start":{"line":41,"column":10},"end":{"line":41,"column":25}},"loc":{"start":{"line":41,"column":25},"end":{"line":41,"column":38}},"line":41}},"branchMap":{"0":{"loc":{"start":{"line":10,"column":2},"end":{"line":10,"column":null}},"type":"default-arg","locations":[{"start":{"line":10,"column":10},"end":{"line":10,"column":null}}],"line":10},"1":{"loc":{"start":{"line":11,"column":2},"end":{"line":11,"column":null}},"type":"default-arg","locations":[{"start":{"line":11,"column":12},"end":{"line":11,"column":null}}],"line":11}},"s":{"0":1,"1":1,"2":1,"3":0,"4":0},"f":{"0":1,"1":0,"2":0},"b":{"0":[1],"1":[1]},"meta":{"lastBranch":2,"lastFunction":3,"lastStatement":5,"seen":{"s:9:13:52:Infinity":0,"f:9:13:9:29":0,"b:10:10:10:Infinity":0,"b:11:12:11:Infinity":1,"s:13:8:13:32":1,"s:15:2:52:Infinity":2,"f:34:10:34:25":1,"s:34:25:34:46":3,"f:41:10:41:25":2,"s:41:25:41:38":4}}}
,"C:\\Users\\tameu\\OneDrive\\Desktop\\projects\\perso\\final_boaz_study\\src\\components\\shared\\AuthError.tsx": {"path":"C:\\Users\\tameu\\OneDrive\\Desktop\\projects\\perso\\final_boaz_study\\src\\components\\shared\\AuthError.tsx","statementMap":{"0":{"start":{"line":8,"column":13},"end":{"line":40,"column":null}},"1":{"start":{"line":9,"column":2},"end":{"line":40,"column":null}}},"fnMap":{"0":{"name":"(anonymous_0)","decl":{"start":{"line":8,"column":13},"end":{"line":8,"column":26}},"loc":{"start":{"line":8,"column":72},"end":{"line":40,"column":null}},"line":8}},"branchMap":{"0":{"loc":{"start":{"line":26,"column":9},"end":{"line":29,"column":null}},"type":"binary-expr","locations":[{"start":{"line":26,"column":9},"end":{"line":26,"column":null}},{"start":{"line":27,"column":10},"end":{"line":29,"column":null}}],"line":26}},"s":{"0":1,"1":0},"f":{"0":0},"b":{"0":[0,0]},"meta":{"lastBranch":1,"lastFunction":1,"lastStatement":2,"seen":{"s:8:13:40:Infinity":0,"f:8:13:8:26":0,"s:9:2:40:Infinity":1,"b:26:9:26:Infinity:27:10:29:Infinity":0}}}
,"C:\\Users\\tameu\\OneDrive\\Desktop\\projects\\perso\\final_boaz_study\\src\\components\\shared\\Button.tsx": {"path":"C:\\Users\\tameu\\OneDrive\\Desktop\\projects\\perso\\final_boaz_study\\src\\components\\shared\\Button.tsx","statementMap":{"0":{"start":{"line":14,"column":54},"end":{"line":22,"column":null}},"1":{"start":{"line":24,"column":48},"end":{"line":28,"column":null}},"2":{"start":{"line":30,"column":13},"end":{"line":73,"column":null}},"3":{"start":{"line":40,"column":2},"end":{"line":73,"column":null}}},"fnMap":{"0":{"name":"(anonymous_0)","decl":{"start":{"line":30,"column":13},"end":{"line":30,"column":23}},"loc":{"start":{"line":39,"column":19},"end":{"line":73,"column":null}},"line":39}},"branchMap":{"0":{"loc":{"start":{"line":31,"column":2},"end":{"line":31,"column":null}},"type":"default-arg","locations":[{"start":{"line":31,"column":12},"end":{"line":31,"column":null}}],"line":31},"1":{"loc":{"start":{"line":32,"column":2},"end":{"line":32,"column":null}},"type":"default-arg","locations":[{"start":{"line":32,"column":9},"end":{"line":32,"column":null}}],"line":32},"2":{"loc":{"start":{"line":34,"column":2},"end":{"line":34,"column":null}},"type":"default-arg","locations":[{"start":{"line":34,"column":12},"end":{"line":34,"column":null}}],"line":34},"3":{"loc":{"start":{"line":35,"column":2},"end":{"line":35,"column":null}},"type":"default-arg","locations":[{"start":{"line":35,"column":14},"end":{"line":35,"column":null}}],"line":35},"4":{"loc":{"start":{"line":37,"column":2},"end":{"line":37,"column":null}},"type":"default-arg","locations":[{"start":{"line":37,"column":14},"end":{"line":37,"column":null}}],"line":37},"5":{"loc":{"start":{"line":48,"column":10},"end":{"line":48,"column":null}},"type":"cond-expr","locations":[{"start":{"line":48,"column":22},"end":{"line":48,"column":33}},{"start":{"line":48,"column":33},"end":{"line":48,"column":null}}],"line":48},"6":{"loc":{"start":{"line":51,"column":16},"end":{"line":51,"column":null}},"type":"binary-expr","locations":[{"start":{"line":51,"column":16},"end":{"line":51,"column":28}},{"start":{"line":51,"column":28},"end":{"line":51,"column":null}}],"line":51},"7":{"loc":{"start":{"line":60,"column":10},"end":{"line":60,"column":null}},"type":"cond-expr","locations":[{"start":{"line":60,"column":20},"end":{"line":60,"column":43}},{"start":{"line":60,"column":43},"end":{"line":60,"column":null}}],"line":60},"8":{"loc":{"start":{"line":67,"column":7},"end":{"line":73,"column":null}},"type":"binary-expr","locations":[{"start":{"line":67,"column":7},"end":{"line":67,"column":null}},{"start":{"line":68,"column":8},"end":{"line":73,"column":null}}],"line":67}},"s":{"0":1,"1":1,"2":1,"3":2},"f":{"0":2},"b":{"0":[2],"1":[2],"2":[2],"3":[2],"4":[2],"5":[0,2],"6":[2,2],"7":[0,2],"8":[2,0]},"meta":{"lastBranch":9,"lastFunction":1,"lastStatement":4,"seen":{"s:14:54:22:Infinity":0,"s:24:48:28:Infinity":1,"s:30:13:73:Infinity":2,"f:30:13:30:23":0,"b:31:12:31:Infinity":0,"b:32:9:32:Infinity":1,"b:34:12:34:Infinity":2,"b:35:14:35:Infinity":3,"b:37:14:37:Infinity":4,"s:40:2:73:Infinity":3,"b:48:22:48:33:48:33:48:Infinity":5,"b:51:16:51:28:51:28:51:Infinity":6,"b:60:20:60:43:60:43:60:Infinity":7,"b:67:7:67:Infinity:68:8:73:Infinity":8}}}
,"C:\\Users\\tameu\\OneDrive\\Desktop\\projects\\perso\\final_boaz_study\\src\\components\\shared\\DateInput.tsx": {"path":"C:\\Users\\tameu\\OneDrive\\Desktop\\projects\\perso\\final_boaz_study\\src\\components\\shared\\DateInput.tsx","statementMap":{"0":{"start":{"line":8,"column":13},"end":{"line":58,"column":null}},"1":{"start":{"line":10,"column":20},"end":{"line":10,"column":67}},"2":{"start":{"line":12,"column":4},"end":{"line":54,"column":null}},"3":{"start":{"line":60,"column":0},"end":{"line":60,"column":null}}},"fnMap":{"0":{"name":"(anonymous_0)","decl":{"start":{"line":8,"column":25},"end":{"line":8,"column":null}},"loc":{"start":{"line":9,"column":85},"end":{"line":58,"column":null}},"line":9}},"branchMap":{"0":{"loc":{"start":{"line":9,"column":19},"end":{"line":9,"column":35}},"type":"default-arg","locations":[{"start":{"line":9,"column":31},"end":{"line":9,"column":35}}],"line":9},"1":{"loc":{"start":{"line":9,"column":39},"end":{"line":9,"column":65}},"type":"default-arg","locations":[{"start":{"line":9,"column":53},"end":{"line":9,"column":65}}],"line":9},"2":{"loc":{"start":{"line":10,"column":20},"end":{"line":10,"column":67}},"type":"binary-expr","locations":[{"start":{"line":10,"column":20},"end":{"line":10,"column":26}},{"start":{"line":10,"column":26},"end":{"line":10,"column":67}}],"line":10},"3":{"loc":{"start":{"line":14,"column":9},"end":{"line":17,"column":null}},"type":"binary-expr","locations":[{"start":{"line":14,"column":9},"end":{"line":14,"column":null}},{"start":{"line":15,"column":10},"end":{"line":17,"column":null}}],"line":14},"4":{"loc":{"start":{"line":32,"column":16},"end":{"line":32,"column":null}},"type":"cond-expr","locations":[{"start":{"line":32,"column":24},"end":{"line":32,"column":80}},{"start":{"line":32,"column":80},"end":{"line":32,"column":null}}],"line":32},"5":{"loc":{"start":{"line":54,"column":9},"end":{"line":54,"column":null}},"type":"binary-expr","locations":[{"start":{"line":54,"column":9},"end":{"line":54,"column":18}},{"start":{"line":54,"column":18},"end":{"line":54,"column":null}}],"line":54}},"s":{"0":1,"1":0,"2":0,"3":1},"f":{"0":0},"b":{"0":[0],"1":[0],"2":[0,0],"3":[0,0],"4":[0,0],"5":[0,0]},"meta":{"lastBranch":6,"lastFunction":1,"lastStatement":4,"seen":{"s:8:13:58:Infinity":0,"f:8:25:8:Infinity":0,"b:9:31:9:35":0,"b:9:53:9:65":1,"s:10:20:10:67":1,"b:10:20:10:26:10:26:10:67":2,"s:12:4:54:Infinity":2,"b:14:9:14:Infinity:15:10:17:Infinity":3,"b:32:24:32:80:32:80:32:Infinity":4,"b:54:9:54:18:54:18:54:Infinity":5,"s:60:0:60:Infinity":3}}}
,"C:\\Users\\tameu\\OneDrive\\Desktop\\projects\\perso\\final_boaz_study\\src\\components\\shared\\FileInput.tsx": {"path":"C:\\Users\\tameu\\OneDrive\\Desktop\\projects\\perso\\final_boaz_study\\src\\components\\shared\\FileInput.tsx","statementMap":{"0":{"start":{"line":14,"column":13},"end":{"line":83,"column":null}},"1":{"start":{"line":24,"column":8},"end":{"line":24,"column":49}},"2":{"start":{"line":25,"column":24},"end":{"line":25,"column":73}},"3":{"start":{"line":27,"column":22},"end":{"line":27,"column":null}},"4":{"start":{"line":29,"column":8},"end":{"line":34,"column":null}},"5":{"start":{"line":30,"column":17},"end":{"line":30,"column":null}},"6":{"start":{"line":31,"column":4},"end":{"line":32,"column":null}},"7":{"start":{"line":32,"column":6},"end":{"line":32,"column":null}},"8":{"start":{"line":34,"column":4},"end":{"line":34,"column":null}},"9":{"start":{"line":37,"column":2},"end":{"line":83,"column":null}},"10":{"start":{"line":52,"column":25},"end":{"line":52,"column":63}}},"fnMap":{"0":{"name":"(anonymous_0)","decl":{"start":{"line":14,"column":13},"end":{"line":14,"column":26}},"loc":{"start":{"line":23,"column":22},"end":{"line":83,"column":null}},"line":23},"1":{"name":"(anonymous_1)","decl":{"start":{"line":29,"column":8},"end":{"line":29,"column":24}},"loc":{"start":{"line":29,"column":67},"end":{"line":34,"column":null}},"line":29},"2":{"name":"(anonymous_2)","decl":{"start":{"line":52,"column":10},"end":{"line":52,"column":25}},"loc":{"start":{"line":52,"column":25},"end":{"line":52,"column":63}},"line":52}},"branchMap":{"0":{"loc":{"start":{"line":18,"column":2},"end":{"line":18,"column":null}},"type":"default-arg","locations":[{"start":{"line":18,"column":11},"end":{"line":18,"column":null}}],"line":18},"1":{"loc":{"start":{"line":21,"column":2},"end":{"line":21,"column":null}},"type":"default-arg","locations":[{"start":{"line":21,"column":13},"end":{"line":21,"column":null}}],"line":21},"2":{"loc":{"start":{"line":22,"column":2},"end":{"line":22,"column":null}},"type":"default-arg","locations":[{"start":{"line":22,"column":16},"end":{"line":22,"column":null}}],"line":22},"3":{"loc":{"start":{"line":27,"column":22},"end":{"line":27,"column":null}},"type":"binary-expr","locations":[{"start":{"line":27,"column":22},"end":{"line":27,"column":34}},{"start":{"line":27,"column":34},"end":{"line":27,"column":52}},{"start":{"line":27,"column":52},"end":{"line":27,"column":null}}],"line":27},"4":{"loc":{"start":{"line":27,"column":52},"end":{"line":27,"column":null}},"type":"cond-expr","locations":[{"start":{"line":27,"column":60},"end":{"line":27,"column":73}},{"start":{"line":27,"column":73},"end":{"line":27,"column":null}}],"line":27},"5":{"loc":{"start":{"line":30,"column":17},"end":{"line":30,"column":null}},"type":"binary-expr","locations":[{"start":{"line":30,"column":17},"end":{"line":30,"column":40}},{"start":{"line":30,"column":40},"end":{"line":30,"column":null}}],"line":30},"6":{"loc":{"start":{"line":31,"column":4},"end":{"line":32,"column":null}},"type":"if","locations":[{"start":{"line":31,"column":4},"end":{"line":32,"column":null}},{"start":{},"end":{}}],"line":31},"7":{"loc":{"start":{"line":39,"column":7},"end":{"line":40,"column":null}},"type":"binary-expr","locations":[{"start":{"line":39,"column":7},"end":{"line":39,"column":null}},{"start":{"line":40,"column":8},"end":{"line":40,"column":null}}],"line":39},"8":{"loc":{"start":{"line":45,"column":12},"end":{"line":45,"column":null}},"type":"cond-expr","locations":[{"start":{"line":45,"column":20},"end":{"line":45,"column":37}},{"start":{"line":45,"column":37},"end":{"line":45,"column":null}}],"line":45},"9":{"loc":{"start":{"line":46,"column":12},"end":{"line":46,"column":null}},"type":"cond-expr","locations":[{"start":{"line":46,"column":23},"end":{"line":46,"column":38}},{"start":{"line":46,"column":38},"end":{"line":46,"column":null}}],"line":46},"10":{"loc":{"start":{"line":52,"column":25},"end":{"line":52,"column":63}},"type":"binary-expr","locations":[{"start":{"line":52,"column":25},"end":{"line":52,"column":38}},{"start":{"line":52,"column":38},"end":{"line":52,"column":63}}],"line":52},"11":{"loc":{"start":{"line":58,"column":14},"end":{"line":58,"column":null}},"type":"cond-expr","locations":[{"start":{"line":58,"column":25},"end":{"line":58,"column":48}},{"start":{"line":58,"column":48},"end":{"line":58,"column":null}}],"line":58},"12":{"loc":{"start":{"line":66,"column":11},"end":{"line":69,"column":null}},"type":"cond-expr","locations":[{"start":{"line":67,"column":12},"end":{"line":69,"column":13}},{"start":{"line":69,"column":12},"end":{"line":69,"column":null}}],"line":66},"13":{"loc":{"start":{"line":83,"column":7},"end":{"line":83,"column":null}},"type":"binary-expr","locations":[{"start":{"line":83,"column":7},"end":{"line":83,"column":16}},{"start":{"line":83,"column":16},"end":{"line":83,"column":null}}],"line":83}},"s":{"0":1,"1":0,"2":0,"3":0,"4":0,"5":0,"6":0,"7":0,"8":0,"9":0,"10":0},"f":{"0":0,"1":0,"2":0},"b":{"0":[0],"1":[0],"2":[0],"3":[0,0,0],"4":[0,0],"5":[0,0],"6":[0,0],"7":[0,0],"8":[0,0],"9":[0,0],"10":[0,0],"11":[0,0],"12":[0,0],"13":[0,0]},"meta":{"lastBranch":14,"lastFunction":3,"lastStatement":11,"seen":{"s:14:13:83:Infinity":0,"f:14:13:14:26":0,"b:18:11:18:Infinity":0,"b:21:13:21:Infinity":1,"b:22:16:22:Infinity":2,"s:24:8:24:49":1,"s:25:24:25:73":2,"s:27:22:27:Infinity":3,"b:27:22:27:34:27:34:27:52:27:52:27:Infinity":3,"b:27:60:27:73:27:73:27:Infinity":4,"s:29:8:34:Infinity":4,"f:29:8:29:24":1,"s:30:17:30:Infinity":5,"b:30:17:30:40:30:40:30:Infinity":5,"b:31:4:32:Infinity:undefined:undefined:undefined:undefined":6,"s:31:4:32:Infinity":6,"s:32:6:32:Infinity":7,"s:34:4:34:Infinity":8,"s:37:2:83:Infinity":9,"b:39:7:39:Infinity:40:8:40:Infinity":7,"b:45:20:45:37:45:37:45:Infinity":8,"b:46:23:46:38:46:38:46:Infinity":9,"f:52:10:52:25":2,"s:52:25:52:63":10,"b:52:25:52:38:52:38:52:63":10,"b:58:25:58:48:58:48:58:Infinity":11,"b:67:12:69:13:69:12:69:Infinity":12,"b:83:7:83:16:83:16:83:Infinity":13}}}
,"C:\\Users\\tameu\\OneDrive\\Desktop\\projects\\perso\\final_boaz_study\\src\\components\\shared\\Input.tsx": {"path":"C:\\Users\\tameu\\OneDrive\\Desktop\\projects\\perso\\final_boaz_study\\src\\components\\shared\\Input.tsx","statementMap":{"0":{"start":{"line":9,"column":13},"end":{"line":47,"column":null}},"1":{"start":{"line":11,"column":20},"end":{"line":11,"column":67}},"2":{"start":{"line":13,"column":4},"end":{"line":43,"column":null}},"3":{"start":{"line":49,"column":0},"end":{"line":49,"column":null}}},"fnMap":{"0":{"name":"(anonymous_0)","decl":{"start":{"line":9,"column":21},"end":{"line":9,"column":null}},"loc":{"start":{"line":10,"column":65},"end":{"line":47,"column":null}},"line":10}},"branchMap":{"0":{"loc":{"start":{"line":10,"column":25},"end":{"line":10,"column":41}},"type":"default-arg","locations":[{"start":{"line":10,"column":37},"end":{"line":10,"column":41}}],"line":10},"1":{"loc":{"start":{"line":11,"column":20},"end":{"line":11,"column":67}},"type":"binary-expr","locations":[{"start":{"line":11,"column":20},"end":{"line":11,"column":26}},{"start":{"line":11,"column":26},"end":{"line":11,"column":67}}],"line":11},"2":{"loc":{"start":{"line":15,"column":9},"end":{"line":18,"column":null}},"type":"binary-expr","locations":[{"start":{"line":15,"column":9},"end":{"line":15,"column":null}},{"start":{"line":16,"column":10},"end":{"line":18,"column":null}}],"line":15},"3":{"loc":{"start":{"line":31,"column":16},"end":{"line":31,"column":null}},"type":"cond-expr","locations":[{"start":{"line":31,"column":23},"end":{"line":31,"column":33}},{"start":{"line":31,"column":33},"end":{"line":31,"column":null}}],"line":31},"4":{"loc":{"start":{"line":32,"column":16},"end":{"line":32,"column":null}},"type":"cond-expr","locations":[{"start":{"line":32,"column":24},"end":{"line":32,"column":80}},{"start":{"line":32,"column":80},"end":{"line":32,"column":null}}],"line":32},"5":{"loc":{"start":{"line":37,"column":11},"end":{"line":40,"column":null}},"type":"binary-expr","locations":[{"start":{"line":37,"column":11},"end":{"line":37,"column":null}},{"start":{"line":38,"column":12},"end":{"line":40,"column":null}}],"line":37},"6":{"loc":{"start":{"line":43,"column":9},"end":{"line":43,"column":null}},"type":"binary-expr","locations":[{"start":{"line":43,"column":9},"end":{"line":43,"column":18}},{"start":{"line":43,"column":18},"end":{"line":43,"column":null}}],"line":43}},"s":{"0":1,"1":0,"2":0,"3":1},"f":{"0":0},"b":{"0":[0],"1":[0,0],"2":[0,0],"3":[0,0],"4":[0,0],"5":[0,0],"6":[0,0]},"meta":{"lastBranch":7,"lastFunction":1,"lastStatement":4,"seen":{"s:9:13:47:Infinity":0,"f:9:21:9:Infinity":0,"b:10:37:10:41":0,"s:11:20:11:67":1,"b:11:20:11:26:11:26:11:67":1,"s:13:4:43:Infinity":2,"b:15:9:15:Infinity:16:10:18:Infinity":2,"b:31:23:31:33:31:33:31:Infinity":3,"b:32:24:32:80:32:80:32:Infinity":4,"b:37:11:37:Infinity:38:12:40:Infinity":5,"b:43:9:43:18:43:18:43:Infinity":6,"s:49:0:49:Infinity":3}}}
,"C:\\Users\\tameu\\OneDrive\\Desktop\\projects\\perso\\final_boaz_study\\src\\components\\shared\\Loader.tsx": {"path":"C:\\Users\\tameu\\OneDrive\\Desktop\\projects\\perso\\final_boaz_study\\src\\components\\shared\\Loader.tsx","statementMap":{"0":{"start":{"line":6,"column":20},"end":{"line":10,"column":null}},"1":{"start":{"line":12,"column":13},"end":{"line":19,"column":null}},"2":{"start":{"line":13,"column":2},"end":{"line":19,"column":null}}},"fnMap":{"0":{"name":"(anonymous_0)","decl":{"start":{"line":12,"column":13},"end":{"line":12,"column":23}},"loc":{"start":{"line":12,"column":62},"end":{"line":19,"column":null}},"line":12}},"branchMap":{"0":{"loc":{"start":{"line":12,"column":25},"end":{"line":12,"column":38}},"type":"default-arg","locations":[{"start":{"line":12,"column":32},"end":{"line":12,"column":38}}],"line":12},"1":{"loc":{"start":{"line":19,"column":7},"end":{"line":19,"column":null}},"type":"binary-expr","locations":[{"start":{"line":19,"column":7},"end":{"line":19,"column":15}},{"start":{"line":19,"column":15},"end":{"line":19,"column":null}}],"line":19}},"s":{"0":1,"1":1,"2":0},"f":{"0":0},"b":{"0":[0],"1":[0,0]},"meta":{"lastBranch":2,"lastFunction":1,"lastStatement":3,"seen":{"s:6:20:10:Infinity":0,"s:12:13:19:Infinity":1,"f:12:13:12:23":0,"b:12:32:12:38":0,"s:13:2:19:Infinity":2,"b:19:7:19:15:19:15:19:Infinity":1}}}
,"C:\\Users\\tameu\\OneDrive\\Desktop\\projects\\perso\\final_boaz_study\\src\\components\\shared\\Modal.tsx": {"path":"C:\\Users\\tameu\\OneDrive\\Desktop\\projects\\perso\\final_boaz_study\\src\\components\\shared\\Modal.tsx","statementMap":{"0":{"start":{"line":25,"column":5},"end":{"line":70,"column":null}},"1":{"start":{"line":72,"column":13},"end":{"line":155,"column":null}},"2":{"start":{"line":85,"column":2},"end":{"line":94,"column":null}},"3":{"start":{"line":86,"column":4},"end":{"line":89,"column":null}},"4":{"start":{"line":87,"column":6},"end":{"line":87,"column":null}},"5":{"start":{"line":89,"column":6},"end":{"line":89,"column":null}},"6":{"start":{"line":91,"column":4},"end":{"line":92,"column":null}},"7":{"start":{"line":92,"column":6},"end":{"line":92,"column":null}},"8":{"start":{"line":96,"column":2},"end":{"line":96,"column":null}},"9":{"start":{"line":96,"column":13},"end":{"line":96,"column":null}},"10":{"start":{"line":98,"column":17},"end":{"line":98,"column":null}},"11":{"start":{"line":99,"column":21},"end":{"line":99,"column":null}},"12":{"start":{"line":102,"column":4},"end":{"line":151,"column":null}},"13":{"start":{"line":144,"column":33},"end":{"line":144,"column":48}},"14":{"start":{"line":144,"column":48},"end":{"line":144,"column":null}},"15":{"start":{"line":155,"column":2},"end":{"line":155,"column":null}}},"fnMap":{"0":{"name":"(anonymous_0)","decl":{"start":{"line":72,"column":13},"end":{"line":72,"column":22}},"loc":{"start":{"line":84,"column":18},"end":{"line":155,"column":null}},"line":84},"1":{"name":"(anonymous_1)","decl":{"start":{"line":85,"column":2},"end":{"line":85,"column":18}},"loc":{"start":{"line":85,"column":18},"end":{"line":94,"column":6}},"line":85},"2":{"name":"(anonymous_2)","decl":{"start":{"line":91,"column":4},"end":{"line":91,"column":17}},"loc":{"start":{"line":91,"column":17},"end":{"line":92,"column":null}},"line":91},"3":{"name":"(anonymous_3)","decl":{"start":{"line":144,"column":16},"end":{"line":144,"column":31}},"loc":{"start":{"line":144,"column":31},"end":{"line":144,"column":null}},"line":144}},"branchMap":{"0":{"loc":{"start":{"line":75,"column":2},"end":{"line":75,"column":null}},"type":"default-arg","locations":[{"start":{"line":75,"column":12},"end":{"line":75,"column":null}}],"line":75},"1":{"loc":{"start":{"line":83,"column":2},"end":{"line":83,"column":null}},"type":"default-arg","locations":[{"start":{"line":83,"column":13},"end":{"line":83,"column":null}}],"line":83},"2":{"loc":{"start":{"line":86,"column":4},"end":{"line":89,"column":null}},"type":"if","locations":[{"start":{"line":86,"column":4},"end":{"line":89,"column":null}},{"start":{"line":88,"column":11},"end":{"line":89,"column":null}}],"line":86},"3":{"loc":{"start":{"line":96,"column":2},"end":{"line":96,"column":null}},"type":"if","locations":[{"start":{"line":96,"column":2},"end":{"line":96,"column":null}},{"start":{},"end":{}}],"line":96},"4":{"loc":{"start":{"line":98,"column":17},"end":{"line":98,"column":null}},"type":"cond-expr","locations":[{"start":{"line":98,"column":38},"end":{"line":98,"column":63}},{"start":{"line":98,"column":63},"end":{"line":98,"column":null}}],"line":98},"5":{"loc":{"start":{"line":99,"column":21},"end":{"line":99,"column":null}},"type":"binary-expr","locations":[{"start":{"line":99,"column":21},"end":{"line":99,"column":46}},{"start":{"line":99,"column":46},"end":{"line":99,"column":null}}],"line":99},"6":{"loc":{"start":{"line":118,"column":9},"end":{"line":150,"column":null}},"type":"cond-expr","locations":[{"start":{"line":119,"column":10},"end":{"line":119,"column":null}},{"start":{"line":120,"column":12},"end":{"line":150,"column":null}}],"line":118},"7":{"loc":{"start":{"line":120,"column":12},"end":{"line":150,"column":null}},"type":"cond-expr","locations":[{"start":{"line":121,"column":10},"end":{"line":150,"column":null}},{"start":{"line":150,"column":12},"end":{"line":150,"column":null}}],"line":120},"8":{"loc":{"start":{"line":125,"column":15},"end":{"line":125,"column":null}},"type":"binary-expr","locations":[{"start":{"line":125,"column":15},"end":{"line":125,"column":24}},{"start":{"line":125,"column":24},"end":{"line":125,"column":null}}],"line":125},"9":{"loc":{"start":{"line":128,"column":13},"end":{"line":129,"column":null}},"type":"binary-expr","locations":[{"start":{"line":128,"column":13},"end":{"line":128,"column":null}},{"start":{"line":129,"column":14},"end":{"line":129,"column":null}}],"line":128},"10":{"loc":{"start":{"line":131,"column":13},"end":{"line":132,"column":null}},"type":"binary-expr","locations":[{"start":{"line":131,"column":13},"end":{"line":131,"column":null}},{"start":{"line":132,"column":14},"end":{"line":132,"column":null}}],"line":131},"11":{"loc":{"start":{"line":136,"column":15},"end":{"line":141,"column":15}},"type":"binary-expr","locations":[{"start":{"line":136,"column":15},"end":{"line":136,"column":null}},{"start":{"line":137,"column":16},"end":{"line":141,"column":15}}],"line":136},"12":{"loc":{"start":{"line":138,"column":19},"end":{"line":138,"column":null}},"type":"binary-expr","locations":[{"start":{"line":138,"column":19},"end":{"line":138,"column":34}},{"start":{"line":138,"column":34},"end":{"line":138,"column":null}}],"line":138},"13":{"loc":{"start":{"line":142,"column":25},"end":{"line":142,"column":null}},"type":"cond-expr","locations":[{"start":{"line":142,"column":47},"end":{"line":142,"column":58}},{"start":{"line":142,"column":58},"end":{"line":142,"column":null}}],"line":142},"14":{"loc":{"start":{"line":142,"column":58},"end":{"line":142,"column":null}},"type":"cond-expr","locations":[{"start":{"line":142,"column":82},"end":{"line":142,"column":94}},{"start":{"line":142,"column":94},"end":{"line":142,"column":null}}],"line":142},"15":{"loc":{"start":{"line":146,"column":17},"end":{"line":146,"column":null}},"type":"binary-expr","locations":[{"start":{"line":146,"column":17},"end":{"line":146,"column":34}},{"start":{"line":146,"column":34},"end":{"line":146,"column":null}}],"line":146},"16":{"loc":{"start":{"line":146,"column":34},"end":{"line":146,"column":null}},"type":"cond-expr","locations":[{"start":{"line":146,"column":56},"end":{"line":146,"column":70}},{"start":{"line":146,"column":70},"end":{"line":146,"column":null}}],"line":146}},"s":{"0":1,"1":1,"2":0,"3":0,"4":0,"5":0,"6":0,"7":0,"8":0,"9":0,"10":0,"11":0,"12":0,"13":0,"14":0,"15":0},"f":{"0":0,"1":0,"2":0,"3":0},"b":{"0":[0],"1":[0],"2":[0,0],"3":[0,0],"4":[0,0],"5":[0,0],"6":[0,0],"7":[0,0],"8":[0,0],"9":[0,0],"10":[0,0],"11":[0,0],"12":[0,0],"13":[0,0],"14":[0,0],"15":[0,0],"16":[0,0]},"meta":{"lastBranch":17,"lastFunction":4,"lastStatement":16,"seen":{"s:25:5:70:Infinity":0,"s:72:13:155:Infinity":1,"f:72:13:72:22":0,"b:75:12:75:Infinity":0,"b:83:13:83:Infinity":1,"s:85:2:94:Infinity":2,"f:85:2:85:18":1,"b:86:4:89:Infinity:88:11:89:Infinity":2,"s:86:4:89:Infinity":3,"s:87:6:87:Infinity":4,"s:89:6:89:Infinity":5,"s:91:4:92:Infinity":6,"f:91:4:91:17":2,"s:92:6:92:Infinity":7,"b:96:2:96:Infinity:undefined:undefined:undefined:undefined":3,"s:96:2:96:Infinity":8,"s:96:13:96:Infinity":9,"s:98:17:98:Infinity":10,"b:98:38:98:63:98:63:98:Infinity":4,"s:99:21:99:Infinity":11,"b:99:21:99:46:99:46:99:Infinity":5,"s:102:4:151:Infinity":12,"b:119:10:119:Infinity:120:12:150:Infinity":6,"b:121:10:150:Infinity:150:12:150:Infinity":7,"b:125:15:125:24:125:24:125:Infinity":8,"b:128:13:128:Infinity:129:14:129:Infinity":9,"b:131:13:131:Infinity:132:14:132:Infinity":10,"b:136:15:136:Infinity:137:16:141:15":11,"b:138:19:138:34:138:34:138:Infinity":12,"b:142:47:142:58:142:58:142:Infinity":13,"b:142:82:142:94:142:94:142:Infinity":14,"f:144:16:144:31":3,"s:144:33:144:48":13,"s:144:48:144:Infinity":14,"b:146:17:146:34:146:34:146:Infinity":15,"b:146:56:146:70:146:70:146:Infinity":16,"s:155:2:155:Infinity":15}}}
,"C:\\Users\\tameu\\OneDrive\\Desktop\\projects\\perso\\final_boaz_study\\src\\components\\shared\\PhoneInput.tsx": {"path":"C:\\Users\\tameu\\OneDrive\\Desktop\\projects\\perso\\final_boaz_study\\src\\components\\shared\\PhoneInput.tsx","statementMap":{"0":{"start":{"line":19,"column":35},"end":{"line":30,"column":null}},"1":{"start":{"line":32,"column":13},"end":{"line":130,"column":null}},"2":{"start":{"line":40,"column":26},"end":{"line":40,"column":85}},"3":{"start":{"line":41,"column":23},"end":{"line":41,"column":57}},"4":{"start":{"line":42,"column":8},"end":{"line":42,"column":50}},"5":{"start":{"line":44,"column":2},"end":{"line":52,"column":null}},"6":{"start":{"line":45,"column":10},"end":{"line":47,"column":null}},"7":{"start":{"line":46,"column":6},"end":{"line":47,"column":null}},"8":{"start":{"line":47,"column":8},"end":{"line":47,"column":null}},"9":{"start":{"line":50,"column":4},"end":{"line":50,"column":null}},"10":{"start":{"line":51,"column":4},"end":{"line":51,"column":null}},"11":{"start":{"line":51,"column":17},"end":{"line":51,"column":78}},"12":{"start":{"line":54,"column":2},"end":{"line":130,"column":null}},"13":{"start":{"line":64,"column":27},"end":{"line":64,"column":70}},"14":{"start":{"line":90,"column":16},"end":{"line":106,"column":null}},"15":{"start":{"line":94,"column":20},"end":{"line":94,"column":null}},"16":{"start":{"line":95,"column":20},"end":{"line":95,"column":null}},"17":{"start":{"line":116,"column":27},"end":{"line":116,"column":53}}},"fnMap":{"0":{"name":"(anonymous_0)","decl":{"start":{"line":32,"column":13},"end":{"line":32,"column":27}},"loc":{"start":{"line":39,"column":23},"end":{"line":130,"column":null}},"line":39},"1":{"name":"(anonymous_1)","decl":{"start":{"line":44,"column":2},"end":{"line":44,"column":18}},"loc":{"start":{"line":44,"column":18},"end":{"line":52,"column":7}},"line":44},"2":{"name":"(anonymous_2)","decl":{"start":{"line":45,"column":10},"end":{"line":45,"column":32}},"loc":{"start":{"line":45,"column":50},"end":{"line":47,"column":null}},"line":45},"3":{"name":"(anonymous_3)","decl":{"start":{"line":51,"column":4},"end":{"line":51,"column":17}},"loc":{"start":{"line":51,"column":17},"end":{"line":51,"column":78}},"line":51},"4":{"name":"(anonymous_4)","decl":{"start":{"line":64,"column":12},"end":{"line":64,"column":27}},"loc":{"start":{"line":64,"column":27},"end":{"line":64,"column":70}},"line":64},"5":{"name":"(anonymous_5)","decl":{"start":{"line":89,"column":25},"end":{"line":89,"column":30}},"loc":{"start":{"line":90,"column":16},"end":{"line":106,"column":null}},"line":90},"6":{"name":"(anonymous_6)","decl":{"start":{"line":93,"column":18},"end":{"line":93,"column":33}},"loc":{"start":{"line":93,"column":33},"end":{"line":95,"column":null}},"line":93},"7":{"name":"(anonymous_7)","decl":{"start":{"line":116,"column":10},"end":{"line":116,"column":21}},"loc":{"start":{"line":116,"column":27},"end":{"line":116,"column":53}},"line":116}},"branchMap":{"0":{"loc":{"start":{"line":33,"column":2},"end":{"line":33,"column":null}},"type":"default-arg","locations":[{"start":{"line":33,"column":10},"end":{"line":33,"column":null}}],"line":33},"1":{"loc":{"start":{"line":35,"column":2},"end":{"line":35,"column":null}},"type":"default-arg","locations":[{"start":{"line":35,"column":16},"end":{"line":35,"column":null}}],"line":35},"2":{"loc":{"start":{"line":38,"column":2},"end":{"line":38,"column":null}},"type":"default-arg","locations":[{"start":{"line":38,"column":13},"end":{"line":38,"column":null}}],"line":38},"3":{"loc":{"start":{"line":46,"column":6},"end":{"line":47,"column":null}},"type":"if","locations":[{"start":{"line":46,"column":6},"end":{"line":47,"column":null}},{"start":{},"end":{}}],"line":46},"4":{"loc":{"start":{"line":46,"column":10},"end":{"line":46,"column":80}},"type":"binary-expr","locations":[{"start":{"line":46,"column":10},"end":{"line":46,"column":33}},{"start":{"line":46,"column":33},"end":{"line":46,"column":80}}],"line":46},"5":{"loc":{"start":{"line":56,"column":7},"end":{"line":57,"column":null}},"type":"binary-expr","locations":[{"start":{"line":56,"column":7},"end":{"line":56,"column":null}},{"start":{"line":57,"column":8},"end":{"line":57,"column":null}}],"line":56},"6":{"loc":{"start":{"line":64,"column":27},"end":{"line":64,"column":70}},"type":"binary-expr","locations":[{"start":{"line":64,"column":27},"end":{"line":64,"column":40}},{"start":{"line":64,"column":40},"end":{"line":64,"column":70}}],"line":64},"7":{"loc":{"start":{"line":70,"column":16},"end":{"line":70,"column":null}},"type":"cond-expr","locations":[{"start":{"line":70,"column":27},"end":{"line":70,"column":61}},{"start":{"line":70,"column":61},"end":{"line":70,"column":null}}],"line":70},"8":{"loc":{"start":{"line":71,"column":16},"end":{"line":71,"column":null}},"type":"cond-expr","locations":[{"start":{"line":71,"column":24},"end":{"line":71,"column":61}},{"start":{"line":71,"column":61},"end":{"line":71,"column":null}}],"line":71},"9":{"loc":{"start":{"line":77,"column":85},"end":{"line":77,"column":null}},"type":"cond-expr","locations":[{"start":{"line":77,"column":100},"end":{"line":77,"column":115}},{"start":{"line":77,"column":115},"end":{"line":77,"column":null}}],"line":77},"10":{"loc":{"start":{"line":87,"column":11},"end":{"line":108,"column":null}},"type":"binary-expr","locations":[{"start":{"line":87,"column":11},"end":{"line":87,"column":null}},{"start":{"line":88,"column":12},"end":{"line":108,"column":null}}],"line":87},"11":{"loc":{"start":{"line":100,"column":22},"end":{"line":100,"column":null}},"type":"cond-expr","locations":[{"start":{"line":100,"column":62},"end":{"line":100,"column":109}},{"start":{"line":100,"column":109},"end":{"line":100,"column":null}}],"line":100},"12":{"loc":{"start":{"line":126,"column":14},"end":{"line":126,"column":null}},"type":"cond-expr","locations":[{"start":{"line":126,"column":22},"end":{"line":126,"column":78}},{"start":{"line":126,"column":78},"end":{"line":126,"column":null}}],"line":126},"13":{"loc":{"start":{"line":130,"column":7},"end":{"line":130,"column":null}},"type":"binary-expr","locations":[{"start":{"line":130,"column":7},"end":{"line":130,"column":16}},{"start":{"line":130,"column":16},"end":{"line":130,"column":null}}],"line":130}},"s":{"0":1,"1":1,"2":0,"3":0,"4":0,"5":0,"6":0,"7":0,"8":0,"9":0,"10":0,"11":0,"12":0,"13":0,"14":0,"15":0,"16":0,"17":0},"f":{"0":0,"1":0,"2":0,"3":0,"4":0,"5":0,"6":0,"7":0},"b":{"0":[0],"1":[0],"2":[0],"3":[0,0],"4":[0,0],"5":[0,0],"6":[0,0],"7":[0,0],"8":[0,0],"9":[0,0],"10":[0,0],"11":[0,0],"12":[0,0],"13":[0,0]},"meta":{"lastBranch":14,"lastFunction":8,"lastStatement":18,"seen":{"s:19:35:30:Infinity":0,"s:32:13:130:Infinity":1,"f:32:13:32:27":0,"b:33:10:33:Infinity":0,"b:35:16:35:Infinity":1,"b:38:13:38:Infinity":2,"s:40:26:40:85":2,"s:41:23:41:57":3,"s:42:8:42:50":4,"s:44:2:52:Infinity":5,"f:44:2:44:18":1,"s:45:10:47:Infinity":6,"f:45:10:45:32":2,"b:46:6:47:Infinity:undefined:undefined:undefined:undefined":3,"s:46:6:47:Infinity":7,"b:46:10:46:33:46:33:46:80":4,"s:47:8:47:Infinity":8,"s:50:4:50:Infinity":9,"s:51:4:51:Infinity":10,"f:51:4:51:17":3,"s:51:17:51:78":11,"s:54:2:130:Infinity":12,"b:56:7:56:Infinity:57:8:57:Infinity":5,"f:64:12:64:27":4,"s:64:27:64:70":13,"b:64:27:64:40:64:40:64:70":6,"b:70:27:70:61:70:61:70:Infinity":7,"b:71:24:71:61:71:61:71:Infinity":8,"b:77:100:77:115:77:115:77:Infinity":9,"b:87:11:87:Infinity:88:12:108:Infinity":10,"f:89:25:89:30":5,"s:90:16:106:Infinity":14,"f:93:18:93:33":6,"s:94:20:94:Infinity":15,"s:95:20:95:Infinity":16,"b:100:62:100:109:100:109:100:Infinity":11,"f:116:10:116:21":7,"s:116:27:116:53":17,"b:126:22:126:78:126:78:126:Infinity":12,"b:130:7:130:16:130:16:130:Infinity":13}}}
,"C:\\Users\\tameu\\OneDrive\\Desktop\\projects\\perso\\final_boaz_study\\src\\components\\shared\\Stepper.tsx": {"path":"C:\\Users\\tameu\\OneDrive\\Desktop\\projects\\perso\\final_boaz_study\\src\\components\\shared\\Stepper.tsx","statementMap":{"0":{"start":{"line":14,"column":13},"end":{"line":121,"column":null}},"1":{"start":{"line":21,"column":2},"end":{"line":67,"column":null}},"2":{"start":{"line":22,"column":4},"end":{"line":67,"column":null}},"3":{"start":{"line":25,"column":31},"end":{"line":25,"column":null}},"4":{"start":{"line":26,"column":30},"end":{"line":26,"column":null}},"5":{"start":{"line":27,"column":27},"end":{"line":27,"column":null}},"6":{"start":{"line":29,"column":10},"end":{"line":64,"column":null}},"7":{"start":{"line":72,"column":2},"end":{"line":121,"column":null}},"8":{"start":{"line":75,"column":29},"end":{"line":75,"column":null}},"9":{"start":{"line":76,"column":28},"end":{"line":76,"column":null}},"10":{"start":{"line":77,"column":25},"end":{"line":77,"column":null}},"11":{"start":{"line":79,"column":8},"end":{"line":118,"column":null}}},"fnMap":{"0":{"name":"(anonymous_0)","decl":{"start":{"line":14,"column":13},"end":{"line":14,"column":24}},"loc":{"start":{"line":20,"column":20},"end":{"line":121,"column":null}},"line":20},"1":{"name":"(anonymous_1)","decl":{"start":{"line":24,"column":15},"end":{"line":24,"column":20}},"loc":{"start":{"line":24,"column":36},"end":{"line":64,"column":null}},"line":24},"2":{"name":"(anonymous_2)","decl":{"start":{"line":74,"column":13},"end":{"line":74,"column":18}},"loc":{"start":{"line":74,"column":34},"end":{"line":118,"column":null}},"line":74}},"branchMap":{"0":{"loc":{"start":{"line":17,"column":2},"end":{"line":17,"column":null}},"type":"default-arg","locations":[{"start":{"line":17,"column":16},"end":{"line":17,"column":null}}],"line":17},"1":{"loc":{"start":{"line":18,"column":2},"end":{"line":18,"column":null}},"type":"default-arg","locations":[{"start":{"line":18,"column":12},"end":{"line":18,"column":null}}],"line":18},"2":{"loc":{"start":{"line":19,"column":2},"end":{"line":19,"column":21}},"type":"default-arg","locations":[{"start":{"line":19,"column":19},"end":{"line":19,"column":21}}],"line":19},"3":{"loc":{"start":{"line":21,"column":2},"end":{"line":67,"column":null}},"type":"if","locations":[{"start":{"line":21,"column":2},"end":{"line":67,"column":null}},{"start":{},"end":{}}],"line":21},"4":{"loc":{"start":{"line":26,"column":30},"end":{"line":26,"column":null}},"type":"binary-expr","locations":[{"start":{"line":26,"column":30},"end":{"line":26,"column":67}},{"start":{"line":26,"column":71},"end":{"line":26,"column":null}}],"line":26},"5":{"loc":{"start":{"line":36,"column":22},"end":{"line":40,"column":null}},"type":"cond-expr","locations":[{"start":{"line":37,"column":24},"end":{"line":37,"column":null}},{"start":{"line":38,"column":24},"end":{"line":40,"column":null}}],"line":36},"6":{"loc":{"start":{"line":38,"column":24},"end":{"line":40,"column":null}},"type":"cond-expr","locations":[{"start":{"line":39,"column":26},"end":{"line":39,"column":null}},{"start":{"line":40,"column":26},"end":{"line":40,"column":null}}],"line":38},"7":{"loc":{"start":{"line":43,"column":19},"end":{"line":48,"column":null}},"type":"cond-expr","locations":[{"start":{"line":44,"column":20},"end":{"line":48,"column":21}},{"start":{"line":48,"column":20},"end":{"line":48,"column":null}}],"line":43},"8":{"loc":{"start":{"line":51,"column":17},"end":{"line":52,"column":null}},"type":"binary-expr","locations":[{"start":{"line":51,"column":17},"end":{"line":51,"column":null}},{"start":{"line":52,"column":18},"end":{"line":52,"column":null}}],"line":51},"9":{"loc":{"start":{"line":52,"column":48},"end":{"line":52,"column":104}},"type":"cond-expr","locations":[{"start":{"line":52,"column":62},"end":{"line":52,"column":85}},{"start":{"line":52,"column":85},"end":{"line":52,"column":104}}],"line":52},"10":{"loc":{"start":{"line":57,"column":53},"end":{"line":57,"column":null}},"type":"cond-expr","locations":[{"start":{"line":57,"column":64},"end":{"line":57,"column":89}},{"start":{"line":57,"column":89},"end":{"line":57,"column":null}}],"line":57},"11":{"loc":{"start":{"line":57,"column":89},"end":{"line":57,"column":null}},"type":"cond-expr","locations":[{"start":{"line":57,"column":103},"end":{"line":57,"column":120}},{"start":{"line":57,"column":120},"end":{"line":57,"column":null}}],"line":57},"12":{"loc":{"start":{"line":60,"column":17},"end":{"line":61,"column":null}},"type":"binary-expr","locations":[{"start":{"line":60,"column":17},"end":{"line":60,"column":null}},{"start":{"line":61,"column":18},"end":{"line":61,"column":null}}],"line":60},"13":{"loc":{"start":{"line":76,"column":28},"end":{"line":76,"column":null}},"type":"binary-expr","locations":[{"start":{"line":76,"column":28},"end":{"line":76,"column":65}},{"start":{"line":76,"column":69},"end":{"line":76,"column":null}}],"line":76},"14":{"loc":{"start":{"line":82,"column":13},"end":{"line":91,"column":13}},"type":"binary-expr","locations":[{"start":{"line":82,"column":13},"end":{"line":82,"column":null}},{"start":{"line":83,"column":14},"end":{"line":91,"column":13}}],"line":82},"15":{"loc":{"start":{"line":86,"column":20},"end":{"line":86,"column":null}},"type":"cond-expr","locations":[{"start":{"line":86,"column":34},"end":{"line":86,"column":57}},{"start":{"line":86,"column":57},"end":{"line":86,"column":null}}],"line":86},"16":{"loc":{"start":{"line":97,"column":20},"end":{"line":101,"column":null}},"type":"cond-expr","locations":[{"start":{"line":98,"column":22},"end":{"line":98,"column":null}},{"start":{"line":99,"column":22},"end":{"line":101,"column":null}}],"line":97},"17":{"loc":{"start":{"line":99,"column":22},"end":{"line":101,"column":null}},"type":"cond-expr","locations":[{"start":{"line":100,"column":24},"end":{"line":100,"column":null}},{"start":{"line":101,"column":24},"end":{"line":101,"column":null}}],"line":99},"18":{"loc":{"start":{"line":104,"column":17},"end":{"line":109,"column":null}},"type":"cond-expr","locations":[{"start":{"line":105,"column":18},"end":{"line":109,"column":19}},{"start":{"line":109,"column":18},"end":{"line":109,"column":null}}],"line":104},"19":{"loc":{"start":{"line":114,"column":98},"end":{"line":114,"column":null}},"type":"cond-expr","locations":[{"start":{"line":114,"column":109},"end":{"line":114,"column":134}},{"start":{"line":114,"column":134},"end":{"line":114,"column":null}}],"line":114},"20":{"loc":{"start":{"line":114,"column":134},"end":{"line":114,"column":null}},"type":"cond-expr","locations":[{"start":{"line":114,"column":148},"end":{"line":114,"column":165}},{"start":{"line":114,"column":165},"end":{"line":114,"column":null}}],"line":114}},"s":{"0":1,"1":0,"2":0,"3":0,"4":0,"5":0,"6":0,"7":0,"8":0,"9":0,"10":0,"11":0},"f":{"0":0,"1":0,"2":0},"b":{"0":[0],"1":[0],"2":[0],"3":[0,0],"4":[0,0],"5":[0,0],"6":[0,0],"7":[0,0],"8":[0,0],"9":[0,0],"10":[0,0],"11":[0,0],"12":[0,0],"13":[0,0],"14":[0,0],"15":[0,0],"16":[0,0],"17":[0,0],"18":[0,0],"19":[0,0],"20":[0,0]},"meta":{"lastBranch":21,"lastFunction":3,"lastStatement":12,"seen":{"s:14:13:121:Infinity":0,"f:14:13:14:24":0,"b:17:16:17:Infinity":0,"b:18:12:18:Infinity":1,"b:19:19:19:21":2,"b:21:2:67:Infinity:undefined:undefined:undefined:undefined":3,"s:21:2:67:Infinity":1,"s:22:4:67:Infinity":2,"f:24:15:24:20":1,"s:25:31:25:Infinity":3,"s:26:30:26:Infinity":4,"b:26:30:26:67:26:71:26:Infinity":4,"s:27:27:27:Infinity":5,"s:29:10:64:Infinity":6,"b:37:24:37:Infinity:38:24:40:Infinity":5,"b:39:26:39:Infinity:40:26:40:Infinity":6,"b:44:20:48:21:48:20:48:Infinity":7,"b:51:17:51:Infinity:52:18:52:Infinity":8,"b:52:62:52:85:52:85:52:104":9,"b:57:64:57:89:57:89:57:Infinity":10,"b:57:103:57:120:57:120:57:Infinity":11,"b:60:17:60:Infinity:61:18:61:Infinity":12,"s:72:2:121:Infinity":7,"f:74:13:74:18":2,"s:75:29:75:Infinity":8,"s:76:28:76:Infinity":9,"b:76:28:76:65:76:69:76:Infinity":13,"s:77:25:77:Infinity":10,"s:79:8:118:Infinity":11,"b:82:13:82:Infinity:83:14:91:13":14,"b:86:34:86:57:86:57:86:Infinity":15,"b:98:22:98:Infinity:99:22:101:Infinity":16,"b:100:24:100:Infinity:101:24:101:Infinity":17,"b:105:18:109:19:109:18:109:Infinity":18,"b:114:109:114:134:114:134:114:Infinity":19,"b:114:148:114:165:114:165:114:Infinity":20}}}
,"C:\\Users\\tameu\\OneDrive\\Desktop\\projects\\perso\\final_boaz_study\\src\\components\\shared\\index.ts": {"path":"C:\\Users\\tameu\\OneDrive\\Desktop\\projects\\perso\\final_boaz_study\\src\\components\\shared\\index.ts","statementMap":{},"fnMap":{},"branchMap":{},"s":{},"f":{},"b":{},"meta":{"lastBranch":0,"lastFunction":0,"lastStatement":0,"seen":{}}}
,"C:\\Users\\tameu\\OneDrive\\Desktop\\projects\\perso\\final_boaz_study\\src\\hooks\\usePermissions.ts": {"path":"C:\\Users\\tameu\\OneDrive\\Desktop\\projects\\perso\\final_boaz_study\\src\\hooks\\usePermissions.ts","statementMap":{"0":{"start":{"line":4,"column":13},"end":{"line":31,"column":null}},"1":{"start":{"line":5,"column":10},"end":{"line":5,"column":60}},"2":{"start":{"line":5,"column":45},"end":{"line":5,"column":60}},"3":{"start":{"line":7,"column":10},"end":{"line":9,"column":18}},"4":{"start":{"line":8,"column":8},"end":{"line":8,"column":null}},"5":{"start":{"line":11,"column":10},"end":{"line":13,"column":null}},"6":{"start":{"line":12,"column":31},"end":{"line":12,"column":58}},"7":{"start":{"line":16,"column":10},"end":{"line":18,"column":null}},"8":{"start":{"line":17,"column":32},"end":{"line":17,"column":74}},"9":{"start":{"line":17,"column":54},"end":{"line":17,"column":73}},"10":{"start":{"line":21,"column":10},"end":{"line":23,"column":null}},"11":{"start":{"line":22,"column":32},"end":{"line":22,"column":73}},"12":{"start":{"line":22,"column":53},"end":{"line":22,"column":72}},"13":{"start":{"line":26,"column":4},"end":{"line":31,"column":null}}},"fnMap":{"0":{"name":"(anonymous_0)","decl":{"start":{"line":4,"column":13},"end":{"line":4,"column":36}},"loc":{"start":{"line":4,"column":36},"end":{"line":31,"column":null}},"line":4},"1":{"name":"(anonymous_1)","decl":{"start":{"line":5,"column":21},"end":{"line":5,"column":35}},"loc":{"start":{"line":5,"column":45},"end":{"line":5,"column":60}},"line":5},"2":{"name":"(anonymous_2)","decl":{"start":{"line":7,"column":25},"end":{"line":7,"column":39}},"loc":{"start":{"line":7,"column":39},"end":{"line":9,"column":8}},"line":7},"3":{"name":"(anonymous_3)","decl":{"start":{"line":11,"column":25},"end":{"line":11,"column":null}},"loc":{"start":{"line":12,"column":31},"end":{"line":12,"column":58}},"line":12},"4":{"name":"(anonymous_4)","decl":{"start":{"line":16,"column":30},"end":{"line":16,"column":null}},"loc":{"start":{"line":17,"column":32},"end":{"line":17,"column":74}},"line":17},"5":{"name":"(anonymous_5)","decl":{"start":{"line":17,"column":41},"end":{"line":17,"column":48}},"loc":{"start":{"line":17,"column":54},"end":{"line":17,"column":73}},"line":17},"6":{"name":"(anonymous_6)","decl":{"start":{"line":21,"column":28},"end":{"line":21,"column":null}},"loc":{"start":{"line":22,"column":32},"end":{"line":22,"column":73}},"line":22},"7":{"name":"(anonymous_7)","decl":{"start":{"line":22,"column":41},"end":{"line":22,"column":47}},"loc":{"start":{"line":22,"column":53},"end":{"line":22,"column":72}},"line":22}},"branchMap":{"0":{"loc":{"start":{"line":8,"column":23},"end":{"line":8,"column":50}},"type":"binary-expr","locations":[{"start":{"line":8,"column":23},"end":{"line":8,"column":48}},{"start":{"line":8,"column":48},"end":{"line":8,"column":50}}],"line":8}},"s":{"0":1,"1":5,"2":0,"3":5,"4":5,"5":5,"6":3,"7":5,"8":1,"9":2,"10":5,"11":1,"12":2,"13":5},"f":{"0":5,"1":0,"2":5,"3":3,"4":1,"5":2,"6":1,"7":2},"b":{"0":[5,1]},"meta":{"lastBranch":1,"lastFunction":8,"lastStatement":14,"seen":{"s:4:13:31:Infinity":0,"f:4:13:4:36":0,"s:5:10:5:60":1,"f:5:21:5:35":1,"s:5:45:5:60":2,"s:7:10:9:18":3,"f:7:25:7:39":2,"s:8:8:8:Infinity":4,"b:8:23:8:48:8:48:8:50":0,"s:11:10:13:Infinity":5,"f:11:25:11:Infinity":3,"s:12:31:12:58":6,"s:16:10:18:Infinity":7,"f:16:30:16:Infinity":4,"s:17:32:17:74":8,"f:17:41:17:48":5,"s:17:54:17:73":9,"s:21:10:23:Infinity":10,"f:21:28:21:Infinity":6,"s:22:32:22:73":11,"f:22:41:22:47":7,"s:22:53:22:72":12,"s:26:4:31:Infinity":13}}}
}
